<?xml version="1.0" encoding="UTF-8"?>
<Site BuildName="(empty)"
	BuildStamp="20240123-0844-Experimental"
	Name="(empty)"
	Generator="ctest-3.27.2-msvc1"
	CompilerName=""
	CompilerVersion=""
	OSName="Windows"
	Hostname="LAPTOP-UX430UN"
	OSRelease=" Personal"
	OSVersion=" (Build 22621)"
	OSPlatform="AMD64"
	Is64Bits="1"
	VendorString="GenuineIntel"
	VendorID="Intel Corporation"
	FamilyID="6"
	ModelID="14"
	ProcessorCacheSize="-1"
	NumberOfLogicalCPU="8"
	NumberOfPhysicalCPU="4"
	TotalVirtualMemory="19700"
	TotalPhysicalMemory="16244"
	LogicalProcessorsPerPhysical="2"
	ProcessorClockFrequency="1992"
	>
	<Testing>
		<StartDateTime>Jan 23 16:44 Malay Peninsula Standard Time</StartDateTime>
		<StartTestTime>1705999479</StartTestTime>
		<TestList/>
		<EndDateTime>Jan 23 16:44 Malay Peninsula Standard Time</EndDateTime>
		<EndTestTime>1705999479</EndTestTime>
		<ElapsedMinutes>0</ElapsedMinutes>
	</Testing>
</Site>
