<?xml version="1.0" encoding="UTF-8"?>
<Site BuildName="(empty)"
	BuildStamp="20240317-1506-Experimental"
	Name="(empty)"
	Generator="ctest-3.29.0-rc3"
	CompilerName=""
	CompilerVersion=""
	OSName="Windows"
	Hostname="LAPTOP-UX430UN"
	OSRelease=" Personal"
	OSVersion=" (Build 22621)"
	OSPlatform="AMD64"
	Is64Bits="1"
	VendorString="GenuineIntel"
	VendorID="Intel Corporation"
	FamilyID="6"
	ModelID="14"
	ProcessorCacheSize="-1"
	NumberOfLogicalCPU="8"
	NumberOfPhysicalCPU="4"
	TotalVirtualMemory="23924"
	TotalPhysicalMemory="16244"
	LogicalProcessorsPerPhysical="2"
	ProcessorClockFrequency="1991"
	>
	<Testing>
		<StartDateTime>Mar 17 23:06 Malay Peninsula Standard Time</StartDateTime>
		<StartTestTime>1710687998</StartTestTime>
		<TestList/>
		<EndDateTime>Mar 17 23:06 Malay Peninsula Standard Time</EndDateTime>
		<EndTestTime>1710687998</EndTestTime>
		<ElapsedMinutes>0</ElapsedMinutes>
	</Testing>
</Site>
